Flow report for Ver2
Thu Jan 26 15:05:33 2023
Quartus Prime Version 21.1.1 Build 850 06/23/2022 SJ Lite Edition


---------------------
; Table of Contents ;
---------------------
  1. Legal Notice
  2. Flow Summary
  3. Flow Settings
  4. Flow Non-Default Global Settings
  5. Flow Elapsed Time
  6. Flow OS Summary
  7. Flow Log
  8. Flow Messages
  9. Flow Suppressed Messages



----------------
; Legal Notice ;
----------------
Copyright (C) 2022  Intel Corporation. All rights reserved.
Your use of Intel Corporation's design tools, logic functions 
and other software and tools, and any partner logic 
functions, and any output files from any of the foregoing 
(including device programming or simulation files), and any 
associated documentation or information are expressly subject 
to the terms and conditions of the Intel Program License 
Subscription Agreement, the Intel Quartus Prime License Agreement,
the Intel FPGA IP License Agreement, or other applicable license
agreement, including, without limitation, that your use is for
the sole purpose of programming logic devices manufactured by
Intel and sold by Intel or its authorized distributors.  Please
refer to the applicable agreement for further details, at
https://fpgasoftware.intel.com/eula.



+----------------------------------------------------------------------------------+
; Flow Summary                                                                     ;
+------------------------------------+---------------------------------------------+
; Flow Status                        ; Successful - Thu Jan 26 15:05:33 2023       ;
; Quartus Prime Version              ; 21.1.1 Build 850 06/23/2022 SJ Lite Edition ;
; Revision Name                      ; Ver2                                        ;
; Top-level Entity Name              ; Lab2                                        ;
; Family                             ; Cyclone IV E                                ;
; Device                             ; EP4CE115F29C7                               ;
; Timing Models                      ; Final                                       ;
; Total logic elements               ; 2,630 / 114,480 ( 2 % )                     ;
;     Total combinational functions  ; 2,443 / 114,480 ( 2 % )                     ;
;     Dedicated logic registers      ; 1,444 / 114,480 ( 1 % )                     ;
; Total registers                    ; 1444                                        ;
; Total pins                         ; 121 / 529 ( 23 % )                          ;
; Total virtual pins                 ; 0                                           ;
; Total memory bits                  ; 358,336 / 3,981,312 ( 9 % )                 ;
; Embedded Multiplier 9-bit elements ; 0 / 532 ( 0 % )                             ;
; Total PLLs                         ; 0 / 4 ( 0 % )                               ;
+------------------------------------+---------------------------------------------+


+-----------------------------------------+
; Flow Settings                           ;
+-------------------+---------------------+
; Option            ; Setting             ;
+-------------------+---------------------+
; Start date & time ; 01/26/2023 15:04:31 ;
; Main task         ; Compilation         ;
; Revision Name     ; Ver2                ;
+-------------------+---------------------+


+-----------------------------------------------------------------------------------------------------------------------------+
; Flow Non-Default Global Settings                                                                                            ;
+-------------------------------------+----------------------------------------+---------------+-------------+----------------+
; Assignment Name                     ; Value                                  ; Default Value ; Entity Name ; Section Id     ;
+-------------------------------------+----------------------------------------+---------------+-------------+----------------+
; COMPILER_SIGNATURE_ID               ; 228956642828229.167474187127394        ; --            ; --          ; --             ;
; EDA_OUTPUT_DATA_FORMAT              ; Verilog Hdl                            ; --            ; --          ; eda_simulation ;
; EDA_SIMULATION_TOOL                 ; Questa Intel FPGA (Verilog)            ; <None>        ; --          ; --             ;
; EDA_TIME_SCALE                      ; 1 ps                                   ; --            ; --          ; eda_simulation ;
; MAX_CORE_JUNCTION_TEMP              ; 85                                     ; --            ; --          ; --             ;
; MIN_CORE_JUNCTION_TEMP              ; 0                                      ; --            ; --          ; --             ;
; NUM_PARALLEL_PROCESSORS             ; 4                                      ; 1             ; --          ; --             ;
; PARTITION_COLOR                     ; -- (Not supported for targeted family) ; --            ; Lab2        ; Top            ;
; PARTITION_FITTER_PRESERVATION_LEVEL ; -- (Not supported for targeted family) ; --            ; Lab2        ; Top            ;
; PARTITION_NETLIST_TYPE              ; -- (Not supported for targeted family) ; --            ; Lab2        ; Top            ;
; POWER_BOARD_THERMAL_MODEL           ; None (CONSERVATIVE)                    ; --            ; --          ; --             ;
; POWER_PRESET_COOLING_SOLUTION       ; 23 MM HEAT SINK WITH 200 LFPM AIRFLOW  ; --            ; --          ; --             ;
; TOP_LEVEL_ENTITY                    ; Lab2                                   ; Ver2          ; --          ; --             ;
; USE_GENERATED_PHYSICAL_CONSTRAINTS  ; Off                                    ; --            ; --          ; eda_palace     ;
+-------------------------------------+----------------------------------------+---------------+-------------+----------------+


+--------------------------------------------------------------------------------------------------------------------------+
; Flow Elapsed Time                                                                                                        ;
+----------------------+--------------+-------------------------+---------------------+------------------------------------+
; Module Name          ; Elapsed Time ; Average Processors Used ; Peak Virtual Memory ; Total CPU Time (on all processors) ;
+----------------------+--------------+-------------------------+---------------------+------------------------------------+
; Analysis & Synthesis ; 00:00:23     ; 1.0                     ; 522 MB              ; 00:00:36                           ;
; Fitter               ; 00:00:21     ; 1.0                     ; 1236 MB             ; 00:00:30                           ;
; Assembler            ; 00:00:04     ; 1.0                     ; 398 MB              ; 00:00:04                           ;
; Timing Analyzer      ; 00:00:03     ; 1.2                     ; 612 MB              ; 00:00:03                           ;
; EDA Netlist Writer   ; 00:00:04     ; 1.0                     ; 686 MB              ; 00:00:04                           ;
; Total                ; 00:00:55     ; --                      ; --                  ; 00:01:17                           ;
+----------------------+--------------+-------------------------+---------------------+------------------------------------+


+----------------------------------------------------------------------------------------------------+
; Flow OS Summary                                                                                    ;
+----------------------+--------------------+-------------------+-------------------+----------------+
; Module Name          ; Machine Hostname   ; OS Name           ; OS Version        ; Processor type ;
+----------------------+--------------------+-------------------+-------------------+----------------+
; Analysis & Synthesis ; EndeavourOS-750xda ; EndeavourOS Linux ; EndeavourOS Linux ; x86_64         ;
; Fitter               ; EndeavourOS-750xda ; EndeavourOS Linux ; EndeavourOS Linux ; x86_64         ;
; Assembler            ; EndeavourOS-750xda ; EndeavourOS Linux ; EndeavourOS Linux ; x86_64         ;
; Timing Analyzer      ; EndeavourOS-750xda ; EndeavourOS Linux ; EndeavourOS Linux ; x86_64         ;
; EDA Netlist Writer   ; EndeavourOS-750xda ; EndeavourOS Linux ; EndeavourOS Linux ; x86_64         ;
+----------------------+--------------------+-------------------+-------------------+----------------+


------------
; Flow Log ;
------------
quartus_map --read_settings_files=on --write_settings_files=off Lab2 -c Ver2
quartus_fit --read_settings_files=off --write_settings_files=off Lab2 -c Ver2
quartus_asm --read_settings_files=off --write_settings_files=off Lab2 -c Ver2
quartus_sta Lab2 -c Ver2
quartus_eda --read_settings_files=off --write_settings_files=off Lab2 -c Ver2



