10:46:07 **** Build of configuration Nios II for project getIndex1 ****
make all 
Info: Building ../getIndex1_bsp/
C:/intelFPGA_lite/18.1/nios2eds/bin/gnu/H-x86_64-mingw32/bin/make --no-print-directory -C ../getIndex1_bsp/
[BSP build complete]
[getIndex1 build complete]
10:46:35 **** Build of configuration Nios II for project getIndex1 ****
make all 
Info: Building ../getIndex1_bsp/
C:/intelFPGA_lite/18.1/nios2eds/bin/gnu/H-x86_64-mingw32/bin/make --no-print-directory -C ../getIndex1_bsp/
[BSP build complete]
[getIndex1 build complete]
10:46:37 **** Incremental Build of configuration Nios II for project getIndex1 ****
make all 
Info: Building ../getIndex1_bsp/
C:/intelFPGA_lite/18.1/nios2eds/bin/gnu/H-x86_64-mingw32/bin/make --no-print-directory -C ../getIndex1_bsp/
[BSP build complete]
[getIndex1 build complete]
10:48:32 **** Incremental Build of configuration Nios II for project getIndex1 ****
make all 
Info: Building ../getIndex1_bsp/
C:/intelFPGA_lite/18.1/nios2eds/bin/gnu/H-x86_64-mingw32/bin/make --no-print-directory -C ../getIndex1_bsp/
[BSP build complete]
Info: Compiling hello_world.c to obj/default/hello_world.o
nios2-elf-gcc -xc -MP -MMD -c -I../getIndex1_bsp//HAL/inc -I../getIndex1_bsp/ -I../getIndex1_bsp//drivers/inc  -pipe -D__hal__ -DALT_NO_INSTRUCTION_EMULATION -DALT_SINGLE_THREADED    -O0 -g -Wall   -mno-hw-div -mhw-mul -mno-hw-mulx -mgpopt=global  -o obj/default/hello_world.o hello_world.c
Info: Linking getIndex1.elf
nios2-elf-g++  -T'../getIndex1_bsp//linker.x' -msys-crt0='../getIndex1_bsp//obj/HAL/src/crt0.o' -msys-lib=hal_bsp -L../getIndex1_bsp/   -Wl,-Map=getIndex1.map   -O0 -g -Wall   -mno-hw-div -mhw-mul -mno-hw-mulx -mgpopt=global  -o getIndex1.elf obj/default/hello_world.o -lm -msys-lib=m
nios2-elf-insert getIndex1.elf --thread_model hal --cpu_name cpu --qsys true --simulation_enabled false --stderr_dev jtag_uart --stdin_dev jtag_uart --stdout_dev jtag_uart --sopc_system_name DE2_115_SOPC --quartus_project_dir "C:/Users/liero/Documents/GitHub/TFE4208-Innvevde-systemer-designprosjekt/MasterProject" --jdi C:/Users/liero/Documents/GitHub/TFE4208-Innvevde-systemer-designprosjekt/MasterProject/software/getIndex1_bsp/../../Ver2.jdi --sopcinfo C:/Users/liero/Documents/GitHub/TFE4208-Innvevde-systemer-designprosjekt/MasterProject/software/getIndex1_bsp/../../DE2_115_SOPC.sopcinfo
Info: (getIndex1.elf) 68 KBytes program size (code + initialized data).
Info:                 124 KBytes free for stack + heap.
Info: Creating getIndex1.objdump
nios2-elf-objdump --disassemble --syms --all-header --source getIndex1.elf >getIndex1.objdump
[getIndex1 build complete]
10:54:17 **** Build of configuration Nios II for project getIndex1 ****
make all 
Info: Building ../getIndex1_bsp/
C:/intelFPGA_lite/18.1/nios2eds/bin/gnu/H-x86_64-mingw32/bin/make --no-print-directory -C ../getIndex1_bsp/
[BSP build complete]
Info: Compiling hello_world.c to obj/default/hello_world.o
nios2-elf-gcc -xc -MP -MMD -c -I../getIndex1_bsp//HAL/inc -I../getIndex1_bsp/ -I../getIndex1_bsp//drivers/inc  -pipe -D__hal__ -DALT_NO_INSTRUCTION_EMULATION -DALT_SINGLE_THREADED    -O0 -g -Wall   -mno-hw-div -mhw-mul -mno-hw-mulx -mgpopt=global  -o obj/default/hello_world.o hello_world.c
Info: Linking getIndex1.elf
nios2-elf-g++  -T'../getIndex1_bsp//linker.x' -msys-crt0='../getIndex1_bsp//obj/HAL/src/crt0.o' -msys-lib=hal_bsp -L../getIndex1_bsp/   -Wl,-Map=getIndex1.map   -O0 -g -Wall   -mno-hw-div -mhw-mul -mno-hw-mulx -mgpopt=global  -o getIndex1.elf obj/default/hello_world.o -lm -msys-lib=m
nios2-elf-insert getIndex1.elf --thread_model hal --cpu_name cpu --qsys true --simulation_enabled false --stderr_dev jtag_uart --stdin_dev jtag_uart --stdout_dev jtag_uart --sopc_system_name DE2_115_SOPC --quartus_project_dir "C:/Users/liero/Documents/GitHub/TFE4208-Innvevde-systemer-designprosjekt/MasterProject" --jdi C:/Users/liero/Documents/GitHub/TFE4208-Innvevde-systemer-designprosjekt/MasterProject/software/getIndex1_bsp/../../Ver2.jdi --sopcinfo C:/Users/liero/Documents/GitHub/TFE4208-Innvevde-systemer-designprosjekt/MasterProject/software/getIndex1_bsp/../../DE2_115_SOPC.sopcinfo
Info: (getIndex1.elf) 68 KBytes program size (code + initialized data).
Info:                 124 KBytes free for stack + heap.
Info: Creating getIndex1.objdump
nios2-elf-objdump --disassemble --syms --all-header --source getIndex1.elf >getIndex1.objdump
[getIndex1 build complete]
10:54:21 **** Incremental Build of configuration Nios II for project getIndex1 ****
make all 
Info: Building ../getIndex1_bsp/
C:/intelFPGA_lite/18.1/nios2eds/bin/gnu/H-x86_64-mingw32/bin/make --no-print-directory -C ../getIndex1_bsp/
[BSP build complete]
[getIndex1 build complete]
10:55:07 **** Incremental Build of configuration Nios II for project getIndex1 ****
make all 
Info: Building ../getIndex1_bsp/
C:/intelFPGA_lite/18.1/nios2eds/bin/gnu/H-x86_64-mingw32/bin/make --no-print-directory -C ../getIndex1_bsp/
[BSP build complete]
[getIndex1 build complete]
10:55:30 **** Build of configuration Nios II for project getIndex1 ****
make all 
Info: Building ../getIndex1_bsp/
C:/intelFPGA_lite/18.1/nios2eds/bin/gnu/H-x86_64-mingw32/bin/make --no-print-directory -C ../getIndex1_bsp/
[BSP build complete]
Info: Compiling hello_world.c to obj/default/hello_world.o
nios2-elf-gcc -xc -MP -MMD -c -I../getIndex1_bsp//HAL/inc -I../getIndex1_bsp/ -I../getIndex1_bsp//drivers/inc  -pipe -D__hal__ -DALT_NO_INSTRUCTION_EMULATION -DALT_SINGLE_THREADED    -O0 -g -Wall   -mno-hw-div -mhw-mul -mno-hw-mulx -mgpopt=global  -o obj/default/hello_world.o hello_world.c
Info: Linking getIndex1.elf
nios2-elf-g++  -T'../getIndex1_bsp//linker.x' -msys-crt0='../getIndex1_bsp//obj/HAL/src/crt0.o' -msys-lib=hal_bsp -L../getIndex1_bsp/   -Wl,-Map=getIndex1.map   -O0 -g -Wall   -mno-hw-div -mhw-mul -mno-hw-mulx -mgpopt=global  -o getIndex1.elf obj/default/hello_world.o -lm -msys-lib=m
nios2-elf-insert getIndex1.elf --thread_model hal --cpu_name cpu --qsys true --simulation_enabled false --stderr_dev jtag_uart --stdin_dev jtag_uart --stdout_dev jtag_uart --sopc_system_name DE2_115_SOPC --quartus_project_dir "C:/Users/liero/Documents/GitHub/TFE4208-Innvevde-systemer-designprosjekt/MasterProject" --jdi C:/Users/liero/Documents/GitHub/TFE4208-Innvevde-systemer-designprosjekt/MasterProject/software/getIndex1_bsp/../../Ver2.jdi --sopcinfo C:/Users/liero/Documents/GitHub/TFE4208-Innvevde-systemer-designprosjekt/MasterProject/software/getIndex1_bsp/../../DE2_115_SOPC.sopcinfo
Info: (getIndex1.elf) 68 KBytes program size (code + initialized data).
Info:                 124 KBytes free for stack + heap.
Info: Creating getIndex1.objdump
nios2-elf-objdump --disassemble --syms --all-header --source getIndex1.elf >getIndex1.objdump
[getIndex1 build complete]
10:55:34 **** Incremental Build of configuration Nios II for project getIndex1 ****
make all 
Info: Building ../getIndex1_bsp/
C:/intelFPGA_lite/18.1/nios2eds/bin/gnu/H-x86_64-mingw32/bin/make --no-print-directory -C ../getIndex1_bsp/
[BSP build complete]
[getIndex1 build complete]
10:56:20 **** Build of configuration Nios II for project getIndex1 ****
make all 
Info: Building ../getIndex1_bsp/
C:/intelFPGA_lite/18.1/nios2eds/bin/gnu/H-x86_64-mingw32/bin/make --no-print-directory -C ../getIndex1_bsp/
[BSP build complete]
Info: Compiling hello_world.c to obj/default/hello_world.o
nios2-elf-gcc -xc -MP -MMD -c -I../getIndex1_bsp//HAL/inc -I../getIndex1_bsp/ -I../getIndex1_bsp//drivers/inc  -pipe -D__hal__ -DALT_NO_INSTRUCTION_EMULATION -DALT_SINGLE_THREADED    -O0 -g -Wall   -mno-hw-div -mhw-mul -mno-hw-mulx -mgpopt=global  -o obj/default/hello_world.o hello_world.c
Info: Linking getIndex1.elf
nios2-elf-g++  -T'../getIndex1_bsp//linker.x' -msys-crt0='../getIndex1_bsp//obj/HAL/src/crt0.o' -msys-lib=hal_bsp -L../getIndex1_bsp/   -Wl,-Map=getIndex1.map   -O0 -g -Wall   -mno-hw-div -mhw-mul -mno-hw-mulx -mgpopt=global  -o getIndex1.elf obj/default/hello_world.o -lm -msys-lib=m
nios2-elf-insert getIndex1.elf --thread_model hal --cpu_name cpu --qsys true --simulation_enabled false --stderr_dev jtag_uart --stdin_dev jtag_uart --stdout_dev jtag_uart --sopc_system_name DE2_115_SOPC --quartus_project_dir "C:/Users/liero/Documents/GitHub/TFE4208-Innvevde-systemer-designprosjekt/MasterProject" --jdi C:/Users/liero/Documents/GitHub/TFE4208-Innvevde-systemer-designprosjekt/MasterProject/software/getIndex1_bsp/../../Ver2.jdi --sopcinfo C:/Users/liero/Documents/GitHub/TFE4208-Innvevde-systemer-designprosjekt/MasterProject/software/getIndex1_bsp/../../DE2_115_SOPC.sopcinfo
Info: (getIndex1.elf) 68 KBytes program size (code + initialized data).
Info:                 124 KBytes free for stack + heap.
Info: Creating getIndex1.objdump
nios2-elf-objdump --disassemble --syms --all-header --source getIndex1.elf >getIndex1.objdump
[getIndex1 build complete]
10:56:23 **** Incremental Build of configuration Nios II for project getIndex1 ****
make all 
Info: Building ../getIndex1_bsp/
C:/intelFPGA_lite/18.1/nios2eds/bin/gnu/H-x86_64-mingw32/bin/make --no-print-directory -C ../getIndex1_bsp/
[BSP build complete]
[getIndex1 build complete]
11:01:30 **** Build of configuration Nios II for project getIndex1 ****
make all 
Info: Building ../getIndex1_bsp/
C:/intelFPGA_lite/18.1/nios2eds/bin/gnu/H-x86_64-mingw32/bin/make --no-print-directory -C ../getIndex1_bsp/
[BSP build complete]
[getIndex1 build complete]
11:01:34 **** Incremental Build of configuration Nios II for project getIndex1 ****
make all 
Info: Building ../getIndex1_bsp/
C:/intelFPGA_lite/18.1/nios2eds/bin/gnu/H-x86_64-mingw32/bin/make --no-print-directory -C ../getIndex1_bsp/
[BSP build complete]
[getIndex1 build complete]
11:03:41 **** Incremental Build of configuration Nios II for project getIndex1 ****
make all 
Info: Building ../getIndex1_bsp/
C:/intelFPGA_lite/18.1/nios2eds/bin/gnu/H-x86_64-mingw32/bin/make --no-print-directory -C ../getIndex1_bsp/
[BSP build complete]
[getIndex1 build complete]
11:09:40 **** Build of configuration Nios II for project getIndex1 ****
make all 
Info: Building ../getIndex1_bsp/
C:/intelFPGA_lite/18.1/nios2eds/bin/gnu/H-x86_64-mingw32/bin/make --no-print-directory -C ../getIndex1_bsp/
[BSP build complete]
[getIndex1 build complete]
11:09:43 **** Incremental Build of configuration Nios II for project getIndex1 ****
make all 
Info: Building ../getIndex1_bsp/
C:/intelFPGA_lite/18.1/nios2eds/bin/gnu/H-x86_64-mingw32/bin/make --no-print-directory -C ../getIndex1_bsp/
[BSP build complete]
[getIndex1 build complete]
11:17:44 **** Build of configuration Nios II for project getIndex1 ****
make all 
Info: Building ../getIndex1_bsp/
C:/intelFPGA_lite/18.1/nios2eds/bin/gnu/H-x86_64-mingw32/bin/make --no-print-directory -C ../getIndex1_bsp/
[BSP build complete]
[getIndex1 build complete]
11:17:47 **** Incremental Build of configuration Nios II for project getIndex1 ****
make all 
Info: Building ../getIndex1_bsp/
C:/intelFPGA_lite/18.1/nios2eds/bin/gnu/H-x86_64-mingw32/bin/make --no-print-directory -C ../getIndex1_bsp/
[BSP build complete]
[getIndex1 build complete]
11:26:17 **** Build of configuration Nios II for project getIndex1 ****
make all 
Info: Building ../getIndex1_bsp/
C:/intelFPGA_lite/18.1/nios2eds/bin/gnu/H-x86_64-mingw32/bin/make --no-print-directory -C ../getIndex1_bsp/
[BSP build complete]
[getIndex1 build complete]
11:26:18 **** Incremental Build of configuration Nios II for project getIndex1 ****
make all 
Info: Building ../getIndex1_bsp/
C:/intelFPGA_lite/18.1/nios2eds/bin/gnu/H-x86_64-mingw32/bin/make --no-print-directory -C ../getIndex1_bsp/
[BSP build complete]
[getIndex1 build complete]
11:29:16 **** Build of configuration Nios II for project getIndex1 ****
make all 
Info: Building ../getIndex1_bsp/
C:/intelFPGA_lite/18.1/nios2eds/bin/gnu/H-x86_64-mingw32/bin/make --no-print-directory -C ../getIndex1_bsp/
[BSP build complete]
[getIndex1 build complete]
11:29:18 **** Incremental Build of configuration Nios II for project getIndex1 ****
make all 
Info: Building ../getIndex1_bsp/
C:/intelFPGA_lite/18.1/nios2eds/bin/gnu/H-x86_64-mingw32/bin/make --no-print-directory -C ../getIndex1_bsp/
[BSP build complete]
[getIndex1 build complete]
11:32:43 **** Build of configuration Nios II for project getIndex1 ****
make all 
Info: Building ../getIndex1_bsp/
C:/intelFPGA_lite/18.1/nios2eds/bin/gnu/H-x86_64-mingw32/bin/make --no-print-directory -C ../getIndex1_bsp/
[BSP build complete]
[getIndex1 build complete]
11:32:45 **** Incremental Build of configuration Nios II for project getIndex1 ****
make all 
Info: Building ../getIndex1_bsp/
C:/intelFPGA_lite/18.1/nios2eds/bin/gnu/H-x86_64-mingw32/bin/make --no-print-directory -C ../getIndex1_bsp/
[BSP build complete]
[getIndex1 build complete]
11:34:00 **** Build of configuration Nios II for project getIndex1 ****
make all 
Info: Building ../getIndex1_bsp/
C:/intelFPGA_lite/18.1/nios2eds/bin/gnu/H-x86_64-mingw32/bin/make --no-print-directory -C ../getIndex1_bsp/
[BSP build complete]
[getIndex1 build complete]
11:34:02 **** Incremental Build of configuration Nios II for project getIndex1 ****
make all 
Info: Building ../getIndex1_bsp/
C:/intelFPGA_lite/18.1/nios2eds/bin/gnu/H-x86_64-mingw32/bin/make --no-print-directory -C ../getIndex1_bsp/
[BSP build complete]
[getIndex1 build complete]
