Flow report for Ver2
Mon May 01 19:03:29 2023
Quartus Prime Version 18.1.0 Build 625 09/12/2018 SJ Lite Edition


---------------------
; Table of Contents ;
---------------------
  1. Legal Notice
  2. Flow Summary
  3. Flow Settings
  4. Flow Non-Default Global Settings
  5. Flow Elapsed Time
  6. Flow OS Summary
  7. Flow Log
  8. Flow Messages
  9. Flow Suppressed Messages



----------------
; Legal Notice ;
----------------
Copyright (C) 2018  Intel Corporation. All rights reserved.
Your use of Intel Corporation's design tools, logic functions 
and other software and tools, and its AMPP partner logic 
functions, and any output files from any of the foregoing 
(including device programming or simulation files), and any 
associated documentation or information are expressly subject 
to the terms and conditions of the Intel Program License 
Subscription Agreement, the Intel Quartus Prime License Agreement,
the Intel FPGA IP License Agreement, or other applicable license
agreement, including, without limitation, that your use is for
the sole purpose of programming logic devices manufactured by
Intel and sold by Intel or its authorized distributors.  Please
refer to the applicable agreement for further details.



+----------------------------------------------------------------------------------+
; Flow Summary                                                                     ;
+------------------------------------+---------------------------------------------+
; Flow Status                        ; Successful - Mon May 01 19:03:29 2023       ;
; Quartus Prime Version              ; 18.1.0 Build 625 09/12/2018 SJ Lite Edition ;
; Revision Name                      ; Ver2                                        ;
; Top-level Entity Name              ; project                                     ;
; Family                             ; Cyclone IV E                                ;
; Device                             ; EP4CE115F29C7                               ;
; Timing Models                      ; Final                                       ;
; Total logic elements               ; N/A until Partition Merge                   ;
;     Total combinational functions  ; N/A until Partition Merge                   ;
;     Dedicated logic registers      ; N/A until Partition Merge                   ;
; Total registers                    ; N/A until Partition Merge                   ;
; Total pins                         ; N/A until Partition Merge                   ;
; Total virtual pins                 ; N/A until Partition Merge                   ;
; Total memory bits                  ; N/A until Partition Merge                   ;
; Embedded Multiplier 9-bit elements ; N/A until Partition Merge                   ;
; Total PLLs                         ; N/A until Partition Merge                   ;
+------------------------------------+---------------------------------------------+


+-----------------------------------------+
; Flow Settings                           ;
+-------------------+---------------------+
; Option            ; Setting             ;
+-------------------+---------------------+
; Start date & time ; 05/01/2023 19:02:40 ;
; Main task         ; Compilation         ;
; Revision Name     ; Ver2                ;
+-------------------+---------------------+


+-------------------------------------------------------------------------------------------------------------------------------------------------------------------------------------------+
; Flow Non-Default Global Settings                                                                                                                                                          ;
+--------------------------------------+---------------------------------------------------------------------------------------------+---------------+-------------------+------------------+
; Assignment Name                      ; Value                                                                                       ; Default Value ; Entity Name       ; Section Id       ;
+--------------------------------------+---------------------------------------------------------------------------------------------+---------------+-------------------+------------------+
; COMPILER_SIGNATURE_ID                ; 62619200595943.168296055934440                                                              ; --            ; --                ; --               ;
; EDA_DESIGN_INSTANCE_NAME             ; NA                                                                                          ; --            ; --                ; FIFOToFFT        ;
; EDA_DESIGN_INSTANCE_NAME             ; NA                                                                                          ; --            ; --                ; project_tb       ;
; EDA_NATIVELINK_SIMULATION_TEST_BENCH ; project_tb                                                                                  ; --            ; --                ; eda_simulation   ;
; EDA_OUTPUT_DATA_FORMAT               ; Verilog Hdl                                                                                 ; --            ; --                ; eda_simulation   ;
; EDA_SIMULATION_TOOL                  ; ModelSim-Altera (Verilog)                                                                   ; <None>        ; --                ; --               ;
; EDA_TEST_BENCH_ENABLE_STATUS         ; TEST_BENCH_MODE                                                                             ; --            ; --                ; eda_simulation   ;
; EDA_TEST_BENCH_FILE                  ; FIFOToFFT_tb.sv                                                                             ; --            ; --                ; FIFOToFFT        ;
; EDA_TEST_BENCH_FILE                  ; project.sv                                                                                  ; --            ; --                ; project_tb       ;
; EDA_TEST_BENCH_MODULE_NAME           ; FIFOToFFT_suite                                                                             ; --            ; --                ; FIFOToFFT        ;
; EDA_TEST_BENCH_MODULE_NAME           ; project_suite                                                                               ; --            ; --                ; project_tb       ;
; EDA_TEST_BENCH_NAME                  ; FIFOToFFT                                                                                   ; --            ; --                ; eda_simulation   ;
; EDA_TEST_BENCH_NAME                  ; project_tb                                                                                  ; --            ; --                ; eda_simulation   ;
; EDA_TIME_SCALE                       ; 1 ps                                                                                        ; --            ; --                ; eda_simulation   ;
; ENABLE_SIGNALTAP                     ; On                                                                                          ; --            ; --                ; --               ;
; MAX_CORE_JUNCTION_TEMP               ; 85                                                                                          ; --            ; --                ; --               ;
; MESSAGE_DISABLE                      ; 270007                                                                                      ; --            ; FFTBlock_fft_ii_0 ; --               ;
; MIN_CORE_JUNCTION_TEMP               ; 0                                                                                           ; --            ; --                ; --               ;
; MISC_FILE                            ; DE2_115_SOPC/synthesis/../DE2_115_SOPC.cmp                                                  ; --            ; --                ; --               ;
; MISC_FILE                            ; DE2_115_SOPC/synthesis/../../DE2_115_SOPC.qsys                                              ; --            ; --                ; --               ;
; MISC_FILE                            ; FFTBlock/simulation/../../FFTBlock.qsys                                                     ; --            ; --                ; --               ;
; MISC_FILE                            ; FFTBlock/simulation/FFTBlock.v                                                              ; --            ; --                ; --               ;
; MISC_FILE                            ; FFTBlock/simulation/submodules/FFTBlock_fft_ii_0_opt_twi6.hex                               ; --            ; --                ; --               ;
; MISC_FILE                            ; FFTBlock/simulation/submodules/FFTBlock_fft_ii_0_opt_twr5.hex                               ; --            ; --                ; --               ;
; MISC_FILE                            ; FFTBlock/simulation/submodules/FFTBlock_fft_ii_0_opt_twr6.hex                               ; --            ; --                ; --               ;
; MISC_FILE                            ; FFTBlock/simulation/submodules/FFTBlock_fft_ii_0_opt_twi1.hex                               ; --            ; --                ; --               ;
; MISC_FILE                            ; FFTBlock/simulation/submodules/FFTBlock_fft_ii_0_opt_twr1.hex                               ; --            ; --                ; --               ;
; MISC_FILE                            ; FFTBlock/simulation/submodules/FFTBlock_fft_ii_0_opt_twi2.hex                               ; --            ; --                ; --               ;
; MISC_FILE                            ; FFTBlock/simulation/submodules/FFTBlock_fft_ii_0_opt_twi3.hex                               ; --            ; --                ; --               ;
; MISC_FILE                            ; FFTBlock/simulation/submodules/FFTBlock_fft_ii_0_opt_twr2.hex                               ; --            ; --                ; --               ;
; MISC_FILE                            ; FFTBlock/simulation/submodules/FFTBlock_fft_ii_0_opt_twi4.hex                               ; --            ; --                ; --               ;
; MISC_FILE                            ; FFTBlock/simulation/submodules/FFTBlock_fft_ii_0_opt_twr3.hex                               ; --            ; --                ; --               ;
; MISC_FILE                            ; FFTBlock/simulation/submodules/FFTBlock_fft_ii_0_opt_twr4.hex                               ; --            ; --                ; --               ;
; MISC_FILE                            ; FFTBlock/simulation/submodules/FFTBlock_fft_ii_0_opt_twi5.hex                               ; --            ; --                ; --               ;
; MISC_FILE                            ; FFTBlock/simulation/submodules/auk_dspip_text_pkg.vhd                                       ; --            ; --                ; --               ;
; MISC_FILE                            ; FFTBlock/simulation/submodules/auk_dspip_math_pkg.vhd                                       ; --            ; --                ; --               ;
; MISC_FILE                            ; FFTBlock/simulation/submodules/auk_dspip_lib_pkg.vhd                                        ; --            ; --                ; --               ;
; MISC_FILE                            ; FFTBlock/simulation/submodules/mentor/auk_dspip_avalon_streaming_block_sink.vhd             ; --            ; --                ; --               ;
; MISC_FILE                            ; FFTBlock/simulation/submodules/aldec/auk_dspip_avalon_streaming_block_sink.vhd              ; --            ; --                ; --               ;
; MISC_FILE                            ; FFTBlock/simulation/submodules/mentor/auk_dspip_avalon_streaming_block_source.vhd           ; --            ; --                ; --               ;
; MISC_FILE                            ; FFTBlock/simulation/submodules/aldec/auk_dspip_avalon_streaming_block_source.vhd            ; --            ; --                ; --               ;
; MISC_FILE                            ; FFTBlock/simulation/submodules/auk_dspip_roundsat.vhd                                       ; --            ; --                ; --               ;
; MISC_FILE                            ; FFTBlock/simulation/submodules/mentor/apn_fft_mult_can.vhd                                  ; --            ; --                ; --               ;
; MISC_FILE                            ; FFTBlock/simulation/submodules/aldec/apn_fft_mult_can.vhd                                   ; --            ; --                ; --               ;
; MISC_FILE                            ; FFTBlock/simulation/submodules/mentor/apn_fft_mult_cpx_1825.v                               ; --            ; --                ; --               ;
; MISC_FILE                            ; FFTBlock/simulation/submodules/aldec/apn_fft_mult_cpx_1825.v                                ; --            ; --                ; --               ;
; MISC_FILE                            ; FFTBlock/simulation/submodules/mentor/apn_fft_mult_cpx.vhd                                  ; --            ; --                ; --               ;
; MISC_FILE                            ; FFTBlock/simulation/submodules/aldec/apn_fft_mult_cpx.vhd                                   ; --            ; --                ; --               ;
; MISC_FILE                            ; FFTBlock/simulation/submodules/auk_dspip_r22sdf_top.ocp                                     ; --            ; --                ; --               ;
; MISC_FILE                            ; FFTBlock/simulation/submodules/mentor/hyper_opt_OFF_pkg.vhd                                 ; --            ; --                ; --               ;
; MISC_FILE                            ; FFTBlock/simulation/submodules/aldec/hyper_opt_OFF_pkg.vhd                                  ; --            ; --                ; --               ;
; MISC_FILE                            ; FFTBlock/simulation/submodules/mentor/altera_fft_dual_port_ram.vhd                          ; --            ; --                ; --               ;
; MISC_FILE                            ; FFTBlock/simulation/submodules/aldec/altera_fft_dual_port_ram.vhd                           ; --            ; --                ; --               ;
; MISC_FILE                            ; FFTBlock/simulation/submodules/mentor/altera_fft_dual_port_rom.vhd                          ; --            ; --                ; --               ;
; MISC_FILE                            ; FFTBlock/simulation/submodules/aldec/altera_fft_dual_port_rom.vhd                           ; --            ; --                ; --               ;
; MISC_FILE                            ; FFTBlock/simulation/submodules/mentor/altera_fft_mult_add.vhd                               ; --            ; --                ; --               ;
; MISC_FILE                            ; FFTBlock/simulation/submodules/aldec/altera_fft_mult_add.vhd                                ; --            ; --                ; --               ;
; MISC_FILE                            ; FFTBlock/simulation/submodules/mentor/altera_fft_single_port_rom.vhd                        ; --            ; --                ; --               ;
; MISC_FILE                            ; FFTBlock/simulation/submodules/aldec/altera_fft_single_port_rom.vhd                         ; --            ; --                ; --               ;
; MISC_FILE                            ; FFTBlock/simulation/submodules/mentor/auk_fft_pkg.vhd                                       ; --            ; --                ; --               ;
; MISC_FILE                            ; FFTBlock/simulation/submodules/aldec/auk_fft_pkg.vhd                                        ; --            ; --                ; --               ;
; MISC_FILE                            ; FFTBlock/simulation/submodules/mentor/hyper_pipeline_interface.v                            ; --            ; --                ; --               ;
; MISC_FILE                            ; FFTBlock/simulation/submodules/aldec/hyper_pipeline_interface.v                             ; --            ; --                ; --               ;
; MISC_FILE                            ; FFTBlock/simulation/submodules/mentor/counter_module.sv                                     ; --            ; --                ; --               ;
; MISC_FILE                            ; FFTBlock/simulation/submodules/aldec/counter_module.sv                                      ; --            ; --                ; --               ;
; MISC_FILE                            ; FFTBlock/simulation/submodules/mentor/auk_dspip_r22sdf_lib_pkg.vhd                          ; --            ; --                ; --               ;
; MISC_FILE                            ; FFTBlock/simulation/submodules/aldec/auk_dspip_r22sdf_lib_pkg.vhd                           ; --            ; --                ; --               ;
; MISC_FILE                            ; FFTBlock/simulation/submodules/mentor/auk_dspip_bit_reverse_addr_control.vhd                ; --            ; --                ; --               ;
; MISC_FILE                            ; FFTBlock/simulation/submodules/aldec/auk_dspip_bit_reverse_addr_control.vhd                 ; --            ; --                ; --               ;
; MISC_FILE                            ; FFTBlock/simulation/submodules/mentor/auk_dspip_bit_reverse_core.vhd                        ; --            ; --                ; --               ;
; MISC_FILE                            ; FFTBlock/simulation/submodules/aldec/auk_dspip_bit_reverse_core.vhd                         ; --            ; --                ; --               ;
; MISC_FILE                            ; FFTBlock/simulation/submodules/mentor/auk_dspip_bit_reverse_reverse_carry_adder.vhd         ; --            ; --                ; --               ;
; MISC_FILE                            ; FFTBlock/simulation/submodules/aldec/auk_dspip_bit_reverse_reverse_carry_adder.vhd          ; --            ; --                ; --               ;
; MISC_FILE                            ; FFTBlock/simulation/submodules/mentor/auk_dspip_r22sdf_adder_fp.vhd                         ; --            ; --                ; --               ;
; MISC_FILE                            ; FFTBlock/simulation/submodules/aldec/auk_dspip_r22sdf_adder_fp.vhd                          ; --            ; --                ; --               ;
; MISC_FILE                            ; FFTBlock/simulation/submodules/mentor/auk_dspip_r22sdf_addsub.vhd                           ; --            ; --                ; --               ;
; MISC_FILE                            ; FFTBlock/simulation/submodules/aldec/auk_dspip_r22sdf_addsub.vhd                            ; --            ; --                ; --               ;
; MISC_FILE                            ; FFTBlock/simulation/submodules/mentor/auk_dspip_r22sdf_bfi.vhd                              ; --            ; --                ; --               ;
; MISC_FILE                            ; FFTBlock/simulation/submodules/aldec/auk_dspip_r22sdf_bfi.vhd                               ; --            ; --                ; --               ;
; MISC_FILE                            ; FFTBlock/simulation/submodules/mentor/auk_dspip_r22sdf_bfii.vhd                             ; --            ; --                ; --               ;
; MISC_FILE                            ; FFTBlock/simulation/submodules/aldec/auk_dspip_r22sdf_bfii.vhd                              ; --            ; --                ; --               ;
; MISC_FILE                            ; FFTBlock/simulation/submodules/mentor/auk_dspip_r22sdf_bf_control.vhd                       ; --            ; --                ; --               ;
; MISC_FILE                            ; FFTBlock/simulation/submodules/aldec/auk_dspip_r22sdf_bf_control.vhd                        ; --            ; --                ; --               ;
; MISC_FILE                            ; FFTBlock/simulation/submodules/mentor/auk_dspip_r22sdf_cma.vhd                              ; --            ; --                ; --               ;
; MISC_FILE                            ; FFTBlock/simulation/submodules/aldec/auk_dspip_r22sdf_cma.vhd                               ; --            ; --                ; --               ;
; MISC_FILE                            ; FFTBlock/simulation/submodules/mentor/auk_dspip_r22sdf_cma_adder_fp.vhd                     ; --            ; --                ; --               ;
; MISC_FILE                            ; FFTBlock/simulation/submodules/aldec/auk_dspip_r22sdf_cma_adder_fp.vhd                      ; --            ; --                ; --               ;
; MISC_FILE                            ; FFTBlock/simulation/submodules/mentor/auk_dspip_r22sdf_cma_bfi_fp.vhd                       ; --            ; --                ; --               ;
; MISC_FILE                            ; FFTBlock/simulation/submodules/aldec/auk_dspip_r22sdf_cma_bfi_fp.vhd                        ; --            ; --                ; --               ;
; MISC_FILE                            ; FFTBlock/simulation/submodules/mentor/auk_dspip_r22sdf_cma_fp.vhd                           ; --            ; --                ; --               ;
; MISC_FILE                            ; FFTBlock/simulation/submodules/aldec/auk_dspip_r22sdf_cma_fp.vhd                            ; --            ; --                ; --               ;
; MISC_FILE                            ; FFTBlock/simulation/submodules/mentor/auk_dspip_r22sdf_core.vhd                             ; --            ; --                ; --               ;
; MISC_FILE                            ; FFTBlock/simulation/submodules/aldec/auk_dspip_r22sdf_core.vhd                              ; --            ; --                ; --               ;
; MISC_FILE                            ; FFTBlock/simulation/submodules/mentor/auk_dspip_r22sdf_counter.vhd                          ; --            ; --                ; --               ;
; MISC_FILE                            ; FFTBlock/simulation/submodules/aldec/auk_dspip_r22sdf_counter.vhd                           ; --            ; --                ; --               ;
; MISC_FILE                            ; FFTBlock/simulation/submodules/mentor/auk_dspip_r22sdf_delay.vhd                            ; --            ; --                ; --               ;
; MISC_FILE                            ; FFTBlock/simulation/submodules/aldec/auk_dspip_r22sdf_delay.vhd                             ; --            ; --                ; --               ;
; MISC_FILE                            ; FFTBlock/simulation/submodules/mentor/auk_dspip_r22sdf_enable_control.vhd                   ; --            ; --                ; --               ;
; MISC_FILE                            ; FFTBlock/simulation/submodules/aldec/auk_dspip_r22sdf_enable_control.vhd                    ; --            ; --                ; --               ;
; MISC_FILE                            ; FFTBlock/simulation/submodules/mentor/auk_dspip_r22sdf_stage.vhd                            ; --            ; --                ; --               ;
; MISC_FILE                            ; FFTBlock/simulation/submodules/aldec/auk_dspip_r22sdf_stage.vhd                             ; --            ; --                ; --               ;
; MISC_FILE                            ; FFTBlock/simulation/submodules/mentor/auk_dspip_r22sdf_stg_out_pipe.vhd                     ; --            ; --                ; --               ;
; MISC_FILE                            ; FFTBlock/simulation/submodules/aldec/auk_dspip_r22sdf_stg_out_pipe.vhd                      ; --            ; --                ; --               ;
; MISC_FILE                            ; FFTBlock/simulation/submodules/mentor/auk_dspip_r22sdf_stg_pipe.vhd                         ; --            ; --                ; --               ;
; MISC_FILE                            ; FFTBlock/simulation/submodules/aldec/auk_dspip_r22sdf_stg_pipe.vhd                          ; --            ; --                ; --               ;
; MISC_FILE                            ; FFTBlock/simulation/submodules/mentor/auk_dspip_r22sdf_top.vhd                              ; --            ; --                ; --               ;
; MISC_FILE                            ; FFTBlock/simulation/submodules/aldec/auk_dspip_r22sdf_top.vhd                               ; --            ; --                ; --               ;
; MISC_FILE                            ; FFTBlock/simulation/submodules/mentor/auk_dspip_r22sdf_twrom.vhd                            ; --            ; --                ; --               ;
; MISC_FILE                            ; FFTBlock/simulation/submodules/aldec/auk_dspip_r22sdf_twrom.vhd                             ; --            ; --                ; --               ;
; MISC_FILE                            ; FFTBlock/simulation/submodules/FFTBlock_fft_ii_0.sv                                         ; --            ; --                ; --               ;
; MISC_FILE                            ; FFTBlock/simulation/submodules/c_model/mr42/How_To_Build.txt                                ; --            ; --                ; --               ;
; MISC_FILE                            ; FFTBlock/simulation/submodules/c_model/mr42/SVSfftmodel.mexglx                              ; --            ; --                ; --               ;
; MISC_FILE                            ; FFTBlock/simulation/submodules/c_model/mr42/SVSfftmodel.mexw32                              ; --            ; --                ; --               ;
; MISC_FILE                            ; FFTBlock/simulation/submodules/c_model/mr42/expression.cpp                                  ; --            ; --                ; --               ;
; MISC_FILE                            ; FFTBlock/simulation/submodules/c_model/mr42/expression.h                                    ; --            ; --                ; --               ;
; MISC_FILE                            ; FFTBlock/simulation/submodules/c_model/mr42/fft.cpp                                         ; --            ; --                ; --               ;
; MISC_FILE                            ; FFTBlock/simulation/submodules/c_model/mr42/fft.h                                           ; --            ; --                ; --               ;
; MISC_FILE                            ; FFTBlock/simulation/submodules/c_model/mr42/fpCompiler.cpp                                  ; --            ; --                ; --               ;
; MISC_FILE                            ; FFTBlock/simulation/submodules/c_model/mr42/fpCompiler.h                                    ; --            ; --                ; --               ;
; MISC_FILE                            ; FFTBlock/simulation/submodules/c_model/mr42/model_c_wrapper.cpp                             ; --            ; --                ; --               ;
; MISC_FILE                            ; FFTBlock/simulation/submodules/c_model/mr42/util.cpp                                        ; --            ; --                ; --               ;
; MISC_FILE                            ; FFTBlock/simulation/submodules/c_model/mr42/util.h                                          ; --            ; --                ; --               ;
; MISC_FILE                            ; FFTBlock/simulation/submodules/c_model/old_arch/Sfftmodel.c                                 ; --            ; --                ; --               ;
; MISC_FILE                            ; FFTBlock/simulation/submodules/c_model/old_arch/Sfftmodel.mexa64                            ; --            ; --                ; --               ;
; MISC_FILE                            ; FFTBlock/simulation/submodules/c_model/old_arch/Sfftmodel.mexglx                            ; --            ; --                ; --               ;
; MISC_FILE                            ; FFTBlock/simulation/submodules/c_model/old_arch/Sfftmodel.mexw32                            ; --            ; --                ; --               ;
; MISC_FILE                            ; FFTBlock/simulation/submodules/c_model/old_arch/imag_input.txt                              ; --            ; --                ; --               ;
; MISC_FILE                            ; FFTBlock/simulation/submodules/c_model/old_arch/model.c                                     ; --            ; --                ; --               ;
; MISC_FILE                            ; FFTBlock/simulation/submodules/c_model/old_arch/model_c_wrapper.c                           ; --            ; --                ; --               ;
; MISC_FILE                            ; FFTBlock/simulation/submodules/c_model/old_arch/real_input.txt                              ; --            ; --                ; --               ;
; MISC_FILE                            ; FFTBlock/simulation/submodules/c_model/old_arch/run_c_wrapper.sh                            ; --            ; --                ; --               ;
; MISC_FILE                            ; FFTBlock/simulation/submodules/c_model/old_arch/run_model_c.sh                              ; --            ; --                ; --               ;
; MISC_FILE                            ; FFTBlock/simulation/submodules/c_model/old_arch/tbcmex.m                                    ; --            ; --                ; --               ;
; MISC_FILE                            ; FFTBlock/simulation/submodules/c_model/r22sdf/SVSfftmodel.mexa64                            ; --            ; --                ; --               ;
; MISC_FILE                            ; FFTBlock/simulation/submodules/c_model/r22sdf/SVSfftmodel.mexglx                            ; --            ; --                ; --               ;
; MISC_FILE                            ; FFTBlock/simulation/submodules/c_model/r22sdf/SVSfftmodel.mexw32                            ; --            ; --                ; --               ;
; MISC_FILE                            ; FFTBlock/simulation/submodules/c_model/r22sdf/blksize_report.txt                            ; --            ; --                ; --               ;
; MISC_FILE                            ; FFTBlock/simulation/submodules/c_model/r22sdf/create_static_library.sh                      ; --            ; --                ; --               ;
; MISC_FILE                            ; FFTBlock/simulation/submodules/c_model/r22sdf/expected_imag_out.txt                         ; --            ; --                ; --               ;
; MISC_FILE                            ; FFTBlock/simulation/submodules/c_model/r22sdf/expected_real_out.txt                         ; --            ; --                ; --               ;
; MISC_FILE                            ; FFTBlock/simulation/submodules/c_model/r22sdf/expression.cpp                                ; --            ; --                ; --               ;
; MISC_FILE                            ; FFTBlock/simulation/submodules/c_model/r22sdf/expression.h                                  ; --            ; --                ; --               ;
; MISC_FILE                            ; FFTBlock/simulation/submodules/c_model/r22sdf/fft.cpp                                       ; --            ; --                ; --               ;
; MISC_FILE                            ; FFTBlock/simulation/submodules/c_model/r22sdf/fft.h                                         ; --            ; --                ; --               ;
; MISC_FILE                            ; FFTBlock/simulation/submodules/c_model/r22sdf/fft_model.m                                   ; --            ; --                ; --               ;
; MISC_FILE                            ; FFTBlock/simulation/submodules/c_model/r22sdf/fft_tb.m                                      ; --            ; --                ; --               ;
; MISC_FILE                            ; FFTBlock/simulation/submodules/c_model/r22sdf/fpCompiler.cpp                                ; --            ; --                ; --               ;
; MISC_FILE                            ; FFTBlock/simulation/submodules/c_model/r22sdf/fpCompiler.h                                  ; --            ; --                ; --               ;
; MISC_FILE                            ; FFTBlock/simulation/submodules/c_model/r22sdf/how_to_compile.txt                            ; --            ; --                ; --               ;
; MISC_FILE                            ; FFTBlock/simulation/submodules/c_model/r22sdf/imag_input.txt                                ; --            ; --                ; --               ;
; MISC_FILE                            ; FFTBlock/simulation/submodules/c_model/r22sdf/main.cpp                                      ; --            ; --                ; --               ;
; MISC_FILE                            ; FFTBlock/simulation/submodules/c_model/r22sdf/model.cpp                                     ; --            ; --                ; --               ;
; MISC_FILE                            ; FFTBlock/simulation/submodules/c_model/r22sdf/model_c_wrapper.cpp                           ; --            ; --                ; --               ;
; MISC_FILE                            ; FFTBlock/simulation/submodules/c_model/r22sdf/readme.txt                                    ; --            ; --                ; --               ;
; MISC_FILE                            ; FFTBlock/simulation/submodules/c_model/r22sdf/real_input.txt                                ; --            ; --                ; --               ;
; MISC_FILE                            ; FFTBlock/simulation/submodules/c_model/r22sdf/sink.cpp                                      ; --            ; --                ; --               ;
; MISC_FILE                            ; FFTBlock/simulation/submodules/c_model/r22sdf/sink.h                                        ; --            ; --                ; --               ;
; MISC_FILE                            ; FFTBlock/simulation/submodules/c_model/r22sdf/source.cpp                                    ; --            ; --                ; --               ;
; MISC_FILE                            ; FFTBlock/simulation/submodules/c_model/r22sdf/source.h                                      ; --            ; --                ; --               ;
; MISC_FILE                            ; FFTBlock/simulation/submodules/c_model/r22sdf/system.cpp                                    ; --            ; --                ; --               ;
; MISC_FILE                            ; FFTBlock/simulation/submodules/c_model/r22sdf/system.h                                      ; --            ; --                ; --               ;
; MISC_FILE                            ; FFTBlock/simulation/submodules/c_model/r22sdf/util.cpp                                      ; --            ; --                ; --               ;
; MISC_FILE                            ; FFTBlock/simulation/submodules/c_model/r22sdf/util.h                                        ; --            ; --                ; --               ;
; MISC_FILE                            ; FFTBlock/synthesis/../FFTBlock.cmp                                                          ; --            ; --                ; --               ;
; MISC_FILE                            ; FFTBlock/synthesis/../../FFTBlock.qsys                                                      ; --            ; --                ; --               ;
; MISC_FILE                            ; AsyncFIFO_bb.v                                                                              ; --            ; --                ; --               ;
; NUM_PARALLEL_PROCESSORS              ; All                                                                                         ; 1             ; --                ; --               ;
; PARTITION_COLOR                      ; -- (Not supported for targeted family)                                                      ; --            ; project           ; Top              ;
; PARTITION_FITTER_PRESERVATION_LEVEL  ; -- (Not supported for targeted family)                                                      ; --            ; project           ; Top              ;
; PARTITION_NETLIST_TYPE               ; -- (Not supported for targeted family)                                                      ; --            ; project           ; Top              ;
; POWER_BOARD_THERMAL_MODEL            ; None (CONSERVATIVE)                                                                         ; --            ; --                ; --               ;
; POWER_PRESET_COOLING_SOLUTION        ; 23 MM HEAT SINK WITH 200 LFPM AIRFLOW                                                       ; --            ; --                ; --               ;
; SLD_FILE                             ; DE2_115_SOPC/synthesis/DE2_115_SOPC.regmap                                                  ; --            ; --                ; --               ;
; SLD_FILE                             ; DE2_115_SOPC/synthesis/DE2_115_SOPC.debuginfo                                               ; --            ; --                ; --               ;
; SLD_FILE                             ; FFTBlock/synthesis/FFTBlock.debuginfo                                                       ; --            ; --                ; --               ;
; SLD_FILE                             ; db/stp1_auto_stripped.stp                                                                   ; --            ; --                ; --               ;
; SLD_INFO                             ; QSYS_NAME DE2_115_SOPC HAS_SOPCINFO 1 GENERATION_ID 1682675259                              ; --            ; DE2_115_SOPC      ; --               ;
; SLD_INFO                             ; QSYS_NAME FFTBlock HAS_SOPCINFO 1 GENERATION_ID 1682933177                                  ; --            ; FFTBlock          ; --               ;
; SLD_NODE_CREATOR_ID                  ; 110                                                                                         ; --            ; --                ; auto_signaltap_0 ;
; SLD_NODE_ENTITY_NAME                 ; sld_signaltap                                                                               ; --            ; --                ; auto_signaltap_0 ;
; SLD_NODE_PARAMETER_ASSIGNMENT        ; SLD_RAM_BLOCK_TYPE=AUTO                                                                     ; --            ; --                ; auto_signaltap_0 ;
; SLD_NODE_PARAMETER_ASSIGNMENT        ; SLD_DATA_BITS=17                                                                            ; --            ; --                ; auto_signaltap_0 ;
; SLD_NODE_PARAMETER_ASSIGNMENT        ; SLD_TRIGGER_BITS=17                                                                         ; --            ; --                ; auto_signaltap_0 ;
; SLD_NODE_PARAMETER_ASSIGNMENT        ; SLD_STORAGE_QUALIFIER_BITS=17                                                               ; --            ; --                ; auto_signaltap_0 ;
; SLD_NODE_PARAMETER_ASSIGNMENT        ; SLD_NODE_INFO=805334528                                                                     ; --            ; --                ; auto_signaltap_0 ;
; SLD_NODE_PARAMETER_ASSIGNMENT        ; SLD_POWER_UP_TRIGGER=0                                                                      ; --            ; --                ; auto_signaltap_0 ;
; SLD_NODE_PARAMETER_ASSIGNMENT        ; SLD_INVERSION_MASK=000000000000000000000000000000000000000000000000000000000000000000000000 ; --            ; --                ; auto_signaltap_0 ;
; SLD_NODE_PARAMETER_ASSIGNMENT        ; SLD_INVERSION_MASK_LENGTH=72                                                                ; --            ; --                ; auto_signaltap_0 ;
; SLD_NODE_PARAMETER_ASSIGNMENT        ; SLD_STORAGE_QUALIFIER_INVERSION_MASK_LENGTH=0                                               ; --            ; --                ; auto_signaltap_0 ;
; SLD_NODE_PARAMETER_ASSIGNMENT        ; SLD_SEGMENT_SIZE=128                                                                        ; --            ; --                ; auto_signaltap_0 ;
; SLD_NODE_PARAMETER_ASSIGNMENT        ; SLD_ATTRIBUTE_MEM_MODE=OFF                                                                  ; --            ; --                ; auto_signaltap_0 ;
; SLD_NODE_PARAMETER_ASSIGNMENT        ; SLD_STATE_FLOW_USE_GENERATED=0                                                              ; --            ; --                ; auto_signaltap_0 ;
; SLD_NODE_PARAMETER_ASSIGNMENT        ; SLD_STATE_BITS=11                                                                           ; --            ; --                ; auto_signaltap_0 ;
; SLD_NODE_PARAMETER_ASSIGNMENT        ; SLD_BUFFER_FULL_STOP=1                                                                      ; --            ; --                ; auto_signaltap_0 ;
; SLD_NODE_PARAMETER_ASSIGNMENT        ; SLD_CURRENT_RESOURCE_WIDTH=1                                                                ; --            ; --                ; auto_signaltap_0 ;
; SLD_NODE_PARAMETER_ASSIGNMENT        ; SLD_INCREMENTAL_ROUTING=1                                                                   ; --            ; --                ; auto_signaltap_0 ;
; SLD_NODE_PARAMETER_ASSIGNMENT        ; SLD_TRIGGER_LEVEL=1                                                                         ; --            ; --                ; auto_signaltap_0 ;
; SLD_NODE_PARAMETER_ASSIGNMENT        ; SLD_SAMPLE_DEPTH=128                                                                        ; --            ; --                ; auto_signaltap_0 ;
; SLD_NODE_PARAMETER_ASSIGNMENT        ; SLD_TRIGGER_IN_ENABLED=0                                                                    ; --            ; --                ; auto_signaltap_0 ;
; SLD_NODE_PARAMETER_ASSIGNMENT        ; SLD_TRIGGER_PIPELINE=0                                                                      ; --            ; --                ; auto_signaltap_0 ;
; SLD_NODE_PARAMETER_ASSIGNMENT        ; SLD_RAM_PIPELINE=0                                                                          ; --            ; --                ; auto_signaltap_0 ;
; SLD_NODE_PARAMETER_ASSIGNMENT        ; SLD_COUNTER_PIPELINE=0                                                                      ; --            ; --                ; auto_signaltap_0 ;
; SLD_NODE_PARAMETER_ASSIGNMENT        ; SLD_ADVANCED_TRIGGER_ENTITY=basic,1,                                                        ; --            ; --                ; auto_signaltap_0 ;
; SLD_NODE_PARAMETER_ASSIGNMENT        ; SLD_TRIGGER_LEVEL_PIPELINE=1                                                                ; --            ; --                ; auto_signaltap_0 ;
; SLD_NODE_PARAMETER_ASSIGNMENT        ; SLD_ENABLE_ADVANCED_TRIGGER=0                                                               ; --            ; --                ; auto_signaltap_0 ;
; SOPCINFO_FILE                        ; DE2_115_SOPC/synthesis/../../DE2_115_SOPC.sopcinfo                                          ; --            ; --                ; --               ;
; SOPCINFO_FILE                        ; FFTBlock/synthesis/../../FFTBlock.sopcinfo                                                  ; --            ; --                ; --               ;
; SPD_FILE                             ; FFTBlock/simulation/../FFTBlock.spd                                                         ; --            ; --                ; --               ;
; SYNTHESIS_ONLY_QIP                   ; On                                                                                          ; --            ; --                ; --               ;
; SYNTHESIS_ONLY_QIP                   ; On                                                                                          ; --            ; --                ; --               ;
; TOP_LEVEL_ENTITY                     ; project                                                                                     ; Ver2          ; --                ; --               ;
; USE_GENERATED_PHYSICAL_CONSTRAINTS   ; Off                                                                                         ; --            ; --                ; eda_palace       ;
; USE_SIGNALTAP_FILE                   ; stp1.stp                                                                                    ; --            ; --                ; --               ;
+--------------------------------------+---------------------------------------------------------------------------------------------+---------------+-------------------+------------------+


+----------------------------------------------------------------------------------------------------------------------------+
; Flow Elapsed Time                                                                                                          ;
+------------------------+--------------+-------------------------+---------------------+------------------------------------+
; Module Name            ; Elapsed Time ; Average Processors Used ; Peak Virtual Memory ; Total CPU Time (on all processors) ;
+------------------------+--------------+-------------------------+---------------------+------------------------------------+
; Analysis & Elaboration ; 00:00:50     ; 1.0                     ; 5057 MB             ; 00:01:08                           ;
; Total                  ; 00:00:50     ; --                      ; --                  ; 00:01:08                           ;
+------------------------+--------------+-------------------------+---------------------+------------------------------------+


+--------------------------------------------------------------------------------------+
; Flow OS Summary                                                                      ;
+------------------------+------------------+------------+------------+----------------+
; Module Name            ; Machine Hostname ; OS Name    ; OS Version ; Processor type ;
+------------------------+------------------+------------+------------+----------------+
; Analysis & Elaboration ; LAPTOP-9PEJ8BTN  ; Windows 10 ; 10.0       ; x86_64         ;
+------------------------+------------------+------------+------------+----------------+


------------
; Flow Log ;
------------
quartus_map --read_settings_files=on --write_settings_files=off Lab5 -c Ver2 --analysis_and_elaboration



