Info: Starting: Create simulation model
Info: qsys-generate C:\Users\magnu\Documents\skole\Invevde_systemer_designprosjekt\project\TFE4208-Innvevde-systemer-designprosjekt\MasterProject\FFTBlock.qsys --simulation=VERILOG --allow-mixed-language-simulation --output-directory=C:\Users\magnu\Documents\skole\Invevde_systemer_designprosjekt\project\TFE4208-Innvevde-systemer-designprosjekt\MasterProject\FFTBlock\simulation --family="Cyclone IV E" --part=EP4CE115F29C7
Progress: Loading MasterProject/FFTBlock.qsys
Progress: Reading input file
Progress: Adding fft_ii_0 [altera_fft_ii 18.1]
Progress: Parameterizing module fft_ii_0
Progress: Building connections
Progress: Parameterizing connections
Progress: Validating
Progress: Done reading input file
Info: FFTBlock.fft_ii_0: Radix-2 digit reverse implied
Info: FFTBlock: Generating FFTBlock "FFTBlock" for SIM_VERILOG
Info: fft_ii_0: --- add file: FFTBlock_fft_ii_0_opt_twi6.hex
Info: fft_ii_0: --- add file: FFTBlock_fft_ii_0_opt_twr5.hex
Info: fft_ii_0: --- add file: FFTBlock_fft_ii_0_opt_twr6.hex
Info: fft_ii_0: --- add file: FFTBlock_fft_ii_0_opt_twi1.hex
Info: fft_ii_0: --- add file: FFTBlock_fft_ii_0_opt_twr1.hex
Info: fft_ii_0: --- add file: FFTBlock_fft_ii_0_opt_twi2.hex
Info: fft_ii_0: --- add file: FFTBlock_fft_ii_0_opt_twi3.hex
Info: fft_ii_0: --- add file: FFTBlock_fft_ii_0_opt_twr2.hex
Info: fft_ii_0: --- add file: FFTBlock_fft_ii_0_opt_twi4.hex
Info: fft_ii_0: --- add file: FFTBlock_fft_ii_0_opt_twr3.hex
Info: fft_ii_0: --- add file: FFTBlock_fft_ii_0_opt_twr4.hex
Info: fft_ii_0: --- add file: FFTBlock_fft_ii_0_opt_twi5.hex
Info: fft_ii_0: "FFTBlock" instantiated altera_fft_ii "fft_ii_0"
Info: FFTBlock: Done "FFTBlock" with 2 modules, 142 files
Info: qsys-generate succeeded.
Info: Finished: Create simulation model
Info: Starting: Create Modelsim Project.
Info: sim-script-gen --spd=C:\Users\magnu\Documents\skole\Invevde_systemer_designprosjekt\project\TFE4208-Innvevde-systemer-designprosjekt\MasterProject\FFTBlock\FFTBlock.spd --output-directory=C:/Users/magnu/Documents/skole/Invevde_systemer_designprosjekt/project/TFE4208-Innvevde-systemer-designprosjekt/MasterProject/FFTBlock/simulation/ --use-relative-paths=true
Info: Doing: ip-make-simscript --spd=C:\Users\magnu\Documents\skole\Invevde_systemer_designprosjekt\project\TFE4208-Innvevde-systemer-designprosjekt\MasterProject\FFTBlock\FFTBlock.spd --output-directory=C:/Users/magnu/Documents/skole/Invevde_systemer_designprosjekt/project/TFE4208-Innvevde-systemer-designprosjekt/MasterProject/FFTBlock/simulation/ --use-relative-paths=true
Info: Generating the following file(s) for MODELSIM simulator in C:/Users/magnu/Documents/skole/Invevde_systemer_designprosjekt/project/TFE4208-Innvevde-systemer-designprosjekt/MasterProject/FFTBlock/simulation/ directory:
Info: 	mentor/msim_setup.tcl
Info: Skipping VCS script generation since VHDL file $QUARTUS_INSTALL_DIR/eda/sim_lib/altera_syn_attributes.vhd is required for simulation
Info: Generating the following file(s) for VCSMX simulator in C:/Users/magnu/Documents/skole/Invevde_systemer_designprosjekt/project/TFE4208-Innvevde-systemer-designprosjekt/MasterProject/FFTBlock/simulation/ directory:
Info: 	synopsys/vcsmx/synopsys_sim.setup
Info: 	synopsys/vcsmx/vcsmx_setup.sh
Info: Generating the following file(s) for NCSIM simulator in C:/Users/magnu/Documents/skole/Invevde_systemer_designprosjekt/project/TFE4208-Innvevde-systemer-designprosjekt/MasterProject/FFTBlock/simulation/ directory:
Info: 	cadence/cds.lib
Info: 	cadence/hdl.var
Info: 	cadence/ncsim_setup.sh
Info: 	1 .cds.lib files in cadence/cds_libs/ directory
Info: Generating the following file(s) for RIVIERA simulator in C:/Users/magnu/Documents/skole/Invevde_systemer_designprosjekt/project/TFE4208-Innvevde-systemer-designprosjekt/MasterProject/FFTBlock/simulation/ directory:
Info: 	aldec/rivierapro_setup.tcl
Info: For information on how to simulate your IP, see the explanatory comments in the simulator-specific subdirectories under C:/Users/magnu/Documents/skole/Invevde_systemer_designprosjekt/project/TFE4208-Innvevde-systemer-designprosjekt/MasterProject/FFTBlock/simulation/.
Info: Regenerate these scripts whenever you make any change to any Quartus-generated IP in your project.
Info: Finished: Create Modelsim Project.
Info: Starting: Create block symbol file (.bsf)
Info: qsys-generate C:\Users\magnu\Documents\skole\Invevde_systemer_designprosjekt\project\TFE4208-Innvevde-systemer-designprosjekt\MasterProject\FFTBlock.qsys --block-symbol-file --output-directory=C:\Users\magnu\Documents\skole\Invevde_systemer_designprosjekt\project\TFE4208-Innvevde-systemer-designprosjekt\MasterProject\FFTBlock --family="Cyclone IV E" --part=EP4CE115F29C7
Progress: Loading MasterProject/FFTBlock.qsys
Progress: Reading input file
Progress: Adding fft_ii_0 [altera_fft_ii 18.1]
Progress: Parameterizing module fft_ii_0
Progress: Building connections
Progress: Parameterizing connections
Progress: Validating
Progress: Done reading input file
Info: FFTBlock.fft_ii_0: Radix-2 digit reverse implied
Info: qsys-generate succeeded.
Info: Finished: Create block symbol file (.bsf)
Info: 
Info: Starting: Create HDL design files for synthesis
Info: qsys-generate C:\Users\magnu\Documents\skole\Invevde_systemer_designprosjekt\project\TFE4208-Innvevde-systemer-designprosjekt\MasterProject\FFTBlock.qsys --synthesis=VERILOG --greybox --output-directory=C:\Users\magnu\Documents\skole\Invevde_systemer_designprosjekt\project\TFE4208-Innvevde-systemer-designprosjekt\MasterProject\FFTBlock\synthesis --family="Cyclone IV E" --part=EP4CE115F29C7
Progress: Loading MasterProject/FFTBlock.qsys
Progress: Reading input file
Progress: Adding fft_ii_0 [altera_fft_ii 18.1]
Progress: Parameterizing module fft_ii_0
Progress: Building connections
Progress: Parameterizing connections
Progress: Validating
Progress: Done reading input file
Info: FFTBlock.fft_ii_0: Radix-2 digit reverse implied
Info: FFTBlock: Generating FFTBlock "FFTBlock" for QUARTUS_SYNTH
Info: fft_ii_0: --- add file: FFTBlock_fft_ii_0_opt_twi6.hex
Info: fft_ii_0: --- add file: FFTBlock_fft_ii_0_opt_twr5.hex
Info: fft_ii_0: --- add file: FFTBlock_fft_ii_0_opt_twr6.hex
Info: fft_ii_0: --- add file: FFTBlock_fft_ii_0_opt_twi1.hex
Info: fft_ii_0: --- add file: FFTBlock_fft_ii_0_opt_twr1.hex
Info: fft_ii_0: --- add file: FFTBlock_fft_ii_0_opt_twi2.hex
Info: fft_ii_0: --- add file: FFTBlock_fft_ii_0_opt_twi3.hex
Info: fft_ii_0: --- add file: FFTBlock_fft_ii_0_opt_twr2.hex
Info: fft_ii_0: --- add file: FFTBlock_fft_ii_0_opt_twi4.hex
Info: fft_ii_0: --- add file: FFTBlock_fft_ii_0_opt_twr3.hex
Info: fft_ii_0: --- add file: FFTBlock_fft_ii_0_opt_twr4.hex
Info: fft_ii_0: --- add file: FFTBlock_fft_ii_0_opt_twi5.hex
Info: fft_ii_0: "FFTBlock" instantiated altera_fft_ii "fft_ii_0"
Info: FFTBlock: Done "FFTBlock" with 2 modules, 54 files
Info: Generating third-party timing and resource estimation model ...
Info: Done generating third-party timing and resource estimation model.
Info: qsys-generate succeeded.
Info: Finished: Create HDL design files for synthesis
